<?xml version="1.0" encoding="UTF-8"?>
<testsuite name="com.pluralsight.security.TestParseArgs" tests="3" skipped="0" failures="0" errors="0" timestamp="2018-05-08T10:02:09" hostname="BLRLW6739" time="0.002">
  <properties/>
  <testcase name="testAllCorrectParamsRandomOrder" classname="com.pluralsight.security.TestParseArgs" time="0.001"/>
  <testcase name="testDefaultValues" classname="com.pluralsight.security.TestParseArgs" time="0.001"/>
  <testcase name="testAllCorrectParamsInOrder" classname="com.pluralsight.security.TestParseArgs" time="0.0"/>
  <system-out><![CDATA[]]></system-out>
  <system-err><![CDATA[]]></system-err>
</testsuite>
