<?xml version="1.0" encoding="UTF-8"?>
<testsuite name="com.pluralsight.security.TestSign" tests="8" skipped="0" failures="0" errors="0" timestamp="2018-05-08T10:02:09" hostname="BLRLW6739" time="0.062">
  <properties/>
  <testcase name="testLoadPrivateKey" classname="com.pluralsight.security.TestSign" time="0.017"/>
  <testcase name="testVerifyData" classname="com.pluralsight.security.TestSign" time="0.027"/>
  <testcase name="testLoadKeystore" classname="com.pluralsight.security.TestSign" time="0.002"/>
  <testcase name="testParseArgs" classname="com.pluralsight.security.TestSign" time="0.0"/>
  <testcase name="testCreateSignature" classname="com.pluralsight.security.TestSign" time="0.0"/>
  <testcase name="testParseArgsDefaults" classname="com.pluralsight.security.TestSign" time="0.0"/>
  <testcase name="testLoadPrivateKeyInvalidPassword" classname="com.pluralsight.security.TestSign" time="0.002"/>
  <testcase name="testSignData" classname="com.pluralsight.security.TestSign" time="0.011"/>
  <system-out><![CDATA[]]></system-out>
  <system-err><![CDATA[]]></system-err>
</testsuite>
