<?xml version="1.0" encoding="UTF-8"?>
<testsuite name="com.pluralsight.security.TestCreateStreams" tests="8" skipped="0" failures="0" errors="0" timestamp="2018-05-08T10:02:09" hostname="BLRLW6739" time="0.022">
  <properties/>
  <testcase name="testWhenInputFileNameIsNull" classname="com.pluralsight.security.TestCreateStreams" time="0.006"/>
  <testcase name="testWhenDestFileDoesNotExistOverwrite" classname="com.pluralsight.security.TestCreateStreams" time="0.003"/>
  <testcase name="testWhenInputFileDoesExist" classname="com.pluralsight.security.TestCreateStreams" time="0.002"/>
  <testcase name="testWhenInputFileDoesNotExist" classname="com.pluralsight.security.TestCreateStreams" time="0.001"/>
  <testcase name="testWhenDestFileIsNull" classname="com.pluralsight.security.TestCreateStreams" time="0.001"/>
  <testcase name="testWhenDestFileExistsNoOverwrite" classname="com.pluralsight.security.TestCreateStreams" time="0.002"/>
  <testcase name="testWhenDestFileExistsOverwrite" classname="com.pluralsight.security.TestCreateStreams" time="0.002"/>
  <testcase name="testWhenDestFileDoesNotExistNoOverwrite" classname="com.pluralsight.security.TestCreateStreams" time="0.002"/>
  <system-out><![CDATA[]]></system-out>
  <system-err><![CDATA[]]></system-err>
</testsuite>
