<?xml version="1.0" encoding="UTF-8"?>
<testsuite name="com.pluralsight.security.TestProperties" tests="1" skipped="0" failures="0" errors="0" timestamp="2018-05-08T10:02:09" hostname="BLRLW6739" time="0.001">
  <properties/>
  <testcase name="testBytesToHash" classname="com.pluralsight.security.TestProperties" time="0.001"/>
  <system-out><![CDATA[]]></system-out>
  <system-err><![CDATA[]]></system-err>
</testsuite>
